oui
d
d
d
d


truc
Sat, 18 Mar 2023 18:51:07 +0100 truc
Sat, 18 Mar 2023 18:51:41 +0100 \'truc\'
Sat, 18 Mar 2023 18:51:58 +0100 'truc'dzqd
Sat, 18 Mar 2023 19:03:15 +0100 'dzqdqdqz'
Sat, 18 Mar 2023 19:03:47 +0100 'dzqdqdqz'
Sat, 18 Mar 2023 19:04:53 +0100 ''
Sat, 18 Mar 2023 19:05:20 +0100 ''
Sat, 18 Mar 2023 19:05:48 +0100 ''
Sat, 18 Mar 2023 19:06:12 +0100 ''
Sat, 18 Mar 2023 19:06:32 +0100 ''
Sat, 18 Mar 2023 19:07:04 +0100 ''
Sat, 18 Mar 2023 19:07:21 +0100 'dzqdqdqz'
Sat, 18 Mar 2023 19:08:16 +0100 'dzqdqdqz'
Sat, 18 Mar 2023 19:08:39 +0100 'dzqdqdqz'
Sat, 18 Mar 2023 19:08:56 +0100 ''
Sat, 18 Mar 2023 19:09:09 +0100 'dzqdqdqz'
Sat, 18 Mar 2023 19:12:35 +0100 'dzqdqdqz'
Sat, 18 Mar 2023 19:14:16 +0100 'dzqdqdqz'
Sat, 18 Mar 2023 19:14:33 +0100 'dzqdqdqz'
Sat, 18 Mar 2023 19:15:16 +0100 'dzqdqdqz'
Sat, 18 Mar 2023 19:15:45 +0100 'dzqdqdqz'
Sat, 18 Mar 2023 19:44:25 +0100 oui
Sat, 18 Mar 2023 19:44:48 +0100 oui
Sat, 18 Mar 2023 19:45:47 +0100 oui
Sat, 18 Mar 2023 19:47:26 +0100 oui
Sat, 18 Mar 2023 19:48:26 +0100 oui
Sat, 18 Mar 2023 19:48:37 +0100 oui
Sat, 18 Mar 2023 19:49:07 +0100 $3
Sat, 18 Mar 2023 19:49:18 +0100 oui non
Sat, 18 Mar 2023 19:50:02 +0100     tu d 
Sat, 18 Mar 2023 19:51:59 +0100 '    tu d '
Sat, 18 Mar 2023 19:56:45 +0100 '    tu d '
Sat, 18 Mar 2023 19:57:05 +0100 '    tu d '
Sat, 18 Mar 2023 19:58:31 +0100 '    tu d '
Sat, 18 Mar 2023 19:58:59 +0100 '    tu d'
Sat, 18 Mar 2023 20:00:08 +0100 'tu d'
